# JRE version: Java(TM) SE Runtime Environment (8.0_91-b15) (build 1.8.0_91-b15)
# Java VM: Java HotSpot(TM) 64-Bit Server VM (25.91-b15 mixed mode windows-amd64 compressed oops)
Heap:
 PSYoungGen      total 394240K, used 275677K [0x00000000e0000000, 0x0000000100000000, 0x0000000100000000)
  eden space 268288K, 75% used [0x00000000e0000000,0x00000000ec6fd990,0x00000000f0600000)
  from space 125952K, 57% used [0x00000000f8500000,0x00000000fcb39bc8,0x0000000100000000)
  to   space 128000K, 0% used [0x00000000f0600000,0x00000000f0600000,0x00000000f8300000)
 ParOldGen       total 338944K, used 135899K [0x00000000a0000000, 0x00000000b4b00000, 0x00000000e0000000)
  object space 338944K, 40% used [0x00000000a0000000,0x00000000a84b6fb8,0x00000000b4b00000)
 Metaspace       used 82578K, capacity 87886K, committed 88104K, reserved 1126400K
  class space    used 10681K, capacity 11996K, committed 12080K, reserved 1048576K
GC Heap History (10 events):
Event: 2276.999 GC heap before
{Heap before GC invocations=31 (full 5):
 PSYoungGen      total 318464K, used 318188K [0x00000000e0000000, 0x00000000ff380000, 0x0000000100000000)
  eden space 265728K, 100% used [0x00000000e0000000,0x00000000f0380000,0x00000000f0380000)
  from space 52736K, 99% used [0x00000000f0380000,0x00000000f36bb188,0x00000000f3700000)
  to   space 122880K, 0% used [0x00000000f7b80000,0x00000000f7b80000,0x00000000ff380000)
 ParOldGen       total 338944K, used 135867K [0x00000000a0000000, 0x00000000b4b00000, 0x00000000e0000000)
  object space 338944K, 40% used [0x00000000a0000000,0x00000000a84aefb8,0x00000000b4b00000)
 Metaspace       used 80422K, capacity 85104K, committed 85416K, reserved 1122304K
  class space    used 10439K, capacity 11589K, committed 11696K, reserved 1048576K
Event: 2277.036 GC heap after
Heap after GC invocations=31 (full 5):
 PSYoungGen      total 392192K, used 16301K [0x00000000e0000000, 0x0000000100000000, 0x0000000100000000)
  eden space 269312K, 0% used [0x00000000e0000000,0x00000000e0000000,0x00000000f0700000)
  from space 122880K, 13% used [0x00000000f7b80000,0x00000000f8b6b5a0,0x00000000ff380000)
  to   space 119296K, 0% used [0x00000000f0700000,0x00000000f0700000,0x00000000f7b80000)
 ParOldGen       total 338944K, used 135875K [0x00000000a0000000, 0x00000000b4b00000, 0x00000000e0000000)
  object space 338944K, 40% used [0x00000000a0000000,0x00000000a84b0fb8,0x00000000b4b00000)
 Metaspace       used 80422K, capacity 85104K, committed 85416K, reserved 1122304K
  class space    used 10439K, capacity 11589K, committed 11696K, reserved 1048576K
}
Event: 2326.206 GC heap before
{Heap before GC invocations=32 (full 5):
 PSYoungGen      total 392192K, used 285613K [0x00000000e0000000, 0x0000000100000000, 0x0000000100000000)
  eden space 269312K, 100% used [0x00000000e0000000,0x00000000f0700000,0x00000000f0700000)
  from space 122880K, 13% used [0x00000000f7b80000,0x00000000f8b6b5a0,0x00000000ff380000)
  to   space 119296K, 0% used [0x00000000f0700000,0x00000000f0700000,0x00000000f7b80000)
 ParOldGen       total 338944K, used 135875K [0x00000000a0000000, 0x00000000b4b00000, 0x00000000e0000000)
  object space 338944K, 40% used [0x00000000a0000000,0x00000000a84b0fb8,0x00000000b4b00000)
 Metaspace       used 80622K, capacity 85494K, committed 85672K, reserved 1124352K
  class space    used 10457K, capacity 11640K, committed 11696K, reserved 1048576K
Event: 2326.240 GC heap after
Heap after GC invocations=32 (full 5):
 PSYoungGen      total 388608K, used 52318K [0x00000000e0000000, 0x00000000ff580000, 0x0000000100000000)
  eden space 269312K, 0% used [0x00000000e0000000,0x00000000e0000000,0x00000000f0700000)
  from space 119296K, 43% used [0x00000000f0700000,0x00000000f3a17978,0x00000000f7b80000)
  to   space 115712K, 0% used [0x00000000f8480000,0x00000000f8480000,0x00000000ff580000)
 ParOldGen       total 338944K, used 135883K [0x00000000a0000000, 0x00000000b4b00000, 0x00000000e0000000)
  object space 338944K, 40% used [0x00000000a0000000,0x00000000a84b2fb8,0x00000000b4b00000)
 Metaspace       used 80622K, capacity 85494K, committed 85672K, reserved 1124352K
  class space    used 10457K, capacity 11640K, committed 11696K, reserved 1048576K
}
Event: 2327.871 GC heap before
{Heap before GC invocations=33 (full 5):
 PSYoungGen      total 388608K, used 321630K [0x00000000e0000000, 0x00000000ff580000, 0x0000000100000000)
  eden space 269312K, 100% used [0x00000000e0000000,0x00000000f0700000,0x00000000f0700000)
  from space 119296K, 43% used [0x00000000f0700000,0x00000000f3a17978,0x00000000f7b80000)
  to   space 115712K, 0% used [0x00000000f8480000,0x00000000f8480000,0x00000000ff580000)
 ParOldGen       total 338944K, used 135883K [0x00000000a0000000, 0x00000000b4b00000, 0x00000000e0000000)
  object space 338944K, 40% used [0x00000000a0000000,0x00000000a84b2fb8,0x00000000b4b00000)
 Metaspace       used 81363K, capacity 86254K, committed 86568K, reserved 1124352K
  class space    used 10543K, capacity 11744K, committed 11824K, reserved 1048576K
Event: 2327.961 GC heap after
Heap after GC invocations=33 (full 5):
 PSYoungGen      total 381952K, used 96550K [0x00000000e0000000, 0x0000000100000000, 0x0000000100000000)
  eden space 266240K, 0% used [0x00000000e0000000,0x00000000e0000000,0x00000000f0400000)
  from space 115712K, 83% used [0x00000000f8480000,0x00000000fe2c9988,0x00000000ff580000)
  to   space 129024K, 0% used [0x00000000f0400000,0x00000000f0400000,0x00000000f8200000)
 ParOldGen       total 338944K, used 135883K [0x00000000a0000000, 0x00000000b4b00000, 0x00000000e0000000)
  object space 338944K, 40% used [0x00000000a0000000,0x00000000a84b2fb8,0x00000000b4b00000)
 Metaspace       used 81363K, capacity 86254K, committed 86568K, reserved 1124352K
  class space    used 10543K, capacity 11744K, committed 11824K, reserved 1048576K
}
Event: 2377.019 GC heap before
{Heap before GC invocations=34 (full 5):
 PSYoungGen      total 381952K, used 362790K [0x00000000e0000000, 0x0000000100000000, 0x0000000100000000)
  eden space 266240K, 100% used [0x00000000e0000000,0x00000000f0400000,0x00000000f0400000)
  from space 115712K, 83% used [0x00000000f8480000,0x00000000fe2c9988,0x00000000ff580000)
  to   space 129024K, 0% used [0x00000000f0400000,0x00000000f0400000,0x00000000f8200000)
 ParOldGen       total 338944K, used 135883K [0x00000000a0000000, 0x00000000b4b00000, 0x00000000e0000000)
  object space 338944K, 40% used [0x00000000a0000000,0x00000000a84b2fb8,0x00000000b4b00000)
 Metaspace       used 81693K, capacity 86814K, committed 86952K, reserved 1124352K
  class space    used 10577K, capacity 11842K, committed 11952K, reserved 1048576K
Event: 2377.063 GC heap after
Heap after GC invocations=34 (full 5):
 PSYoungGen      total 395264K, used 17679K [0x00000000e0000000, 0x0000000100000000, 0x0000000100000000)
  eden space 266240K, 0% used [0x00000000e0000000,0x00000000e0000000,0x00000000f0400000)
  from space 129024K, 13% used [0x00000000f0400000,0x00000000f1543f98,0x00000000f8200000)
  to   space 125952K, 0% used [0x00000000f8500000,0x00000000f8500000,0x0000000100000000)
 ParOldGen       total 338944K, used 135891K [0x00000000a0000000, 0x00000000b4b00000, 0x00000000e0000000)
  object space 338944K, 40% used [0x00000000a0000000,0x00000000a84b4fb8,0x00000000b4b00000)
 Metaspace       used 81693K, capacity 86814K, committed 86952K, reserved 1124352K
  class space    used 10577K, capacity 11842K, committed 11952K, reserved 1048576K
}
Event: 2481.948 GC heap before
{Heap before GC invocations=35 (full 5):
 PSYoungGen      total 395264K, used 283919K [0x00000000e0000000, 0x0000000100000000, 0x0000000100000000)
  eden space 266240K, 100% used [0x00000000e0000000,0x00000000f0400000,0x00000000f0400000)
  from space 129024K, 13% used [0x00000000f0400000,0x00000000f1543f98,0x00000000f8200000)
  to   space 125952K, 0% used [0x00000000f8500000,0x00000000f8500000,0x0000000100000000)
 ParOldGen       total 338944K, used 135891K [0x00000000a0000000, 0x00000000b4b00000, 0x00000000e0000000)
  object space 338944K, 40% used [0x00000000a0000000,0x00000000a84b4fb8,0x00000000b4b00000)
 Metaspace       used 82548K, capacity 87822K, committed 88104K, reserved 1126400K
  class space    used 10680K, capacity 11996K, committed 12080K, reserved 1048576K
Event: 2481.991 GC heap after
Heap after GC invocations=35 (full 5):
 PSYoungGen      total 394240K, used 71910K [0x00000000e0000000, 0x0000000100000000, 0x0000000100000000)
  eden space 268288K, 0% used [0x00000000e0000000,0x00000000e0000000,0x00000000f0600000)
  from space 125952K, 57% used [0x00000000f8500000,0x00000000fcb39bc8,0x0000000100000000)
  to   space 128000K, 0% used [0x00000000f0600000,0x00000000f0600000,0x00000000f8300000)
 ParOldGen       total 338944K, used 135899K [0x00000000a0000000, 0x00000000b4b00000, 0x00000000e0000000)
  object space 338944K, 40% used [0x00000000a0000000,0x00000000a84b6fb8,0x00000000b4b00000)
 Metaspace       used 82548K, capacity 87822K, committed 88104K, reserved 1126400K
  class space    used 10680K, capacity 11996K, committed 12080K, reserved 1048576K
}

